2026-06-10 21:41:02.650 [PLC] I am in PLC Wait Trigger! click Retry
2026-06-10 21:41:04.984 [PLC] I am in PLC Inner! click Retry
2026-06-10 21:42:34.905 [PLC] I am in PLC Wait Trigger! click Retry
2026-06-10 21:42:36.997 [PLC] I am in PLC Inner! click Retry
2026-06-10 21:42:39.479 [PLC] I am in Tinh Toan!  click Retry
2026-06-10 21:42:41.113 [PLC] I am in PLC Wait Trigger! click Retry
2026-06-10 21:44:51.101 [PLC] I am in PLC Wait Trigger! click Retry
2026-06-10 21:44:53.396 [PLC] I am in PLC Inner! click Retry
2026-06-10 21:46:22.476 [PLC] I am in PLC Wait Trigger! click Retry
2026-06-10 21:46:24.292 [PLC] I am in PLC Inner! click Retry
2026-06-10 21:46:26.890 [PLC] I am in Tinh Toan!  click Retry
2026-06-10 21:46:29.188 [PLC] I am in PLC Wait Trigger! click Retry
2026-06-10 21:46:34.333 [PLC] I am in PLC Inner! click Retry
2026-06-10 21:46:36.238 [PLC] I am in Tinh Toan!  click Retry
2026-06-10 21:46:38.182 [PLC] I am in PLC Wait Trigger! click Retry
2026-06-10 21:55:07.702 [PLC] I am in PLC Wait Trigger! click Retry
2026-06-10 21:55:09.788 [PLC] I am in PLC Inner! click Retry
2026-06-10 21:55:17.681 [PLC] I am in Tinh Toan!  click Cacel
2026-06-10 21:58:47.988 [PLC] I am in PLC Wait Trigger! click Retry
2026-06-10 21:58:49.965 [PLC] I am in PLC Inner! click Retry
2026-06-10 21:58:51.697 [PLC] I am in Tinh Toan!  click OK
2026-06-10 21:58:54.231 [PLC] I am in PLC Wait Trigger! click Retry
2026-06-10 21:58:56.390 [PLC] I am in PLC Inner! click Retry
2026-06-10 21:58:58.627 [PLC] I am in Tinh Toan!  click Retry
2026-06-10 22:11:53.181 [PLC] I am in PLC Wait Trigger! click Retry
2026-06-10 22:11:55.940 [PLC] I am in PLC Inner! click Retry
2026-06-10 22:11:57.679 [PLC] I am in Tinh Toan!  click Retry
2026-06-10 22:12:35.919 [PLC] I am in PLC Wait Trigger! click Cacel
2026-06-10 22:12:38.185 [PLC] I am in PLC Inner! click Retry
2026-06-10 22:12:39.827 [PLC] I am in Tinh Toan!  click Retry
2026-06-10 22:16:03.641 [PLC] I am in PLC Wait Trigger! click Retry
2026-06-10 22:16:05.629 [PLC] I am in PLC Inner! click Retry
2026-06-10 22:16:07.616 [PLC] I am in Tinh Toan!  click Retry
2026-06-10 22:17:25.097 [PLC] I am in PLC Wait Trigger! click Retry
2026-06-10 22:17:27.728 [PLC] I am in PLC Inner! click OK
2026-06-10 22:17:31.027 [PLC] I am in Tinh Toan!  click OK
2026-06-10 22:17:32.970 [PLC] I am in PLC Wait Trigger! click Retry
2026-06-10 22:17:35.447 [PLC] I am in PLC Inner! click OK
2026-06-10 22:17:37.019 [PLC] I am in Tinh Toan!  click Retry
2026-06-10 22:19:48.135 [PLC] I am in PLC Wait Trigger! click Retry
2026-06-10 22:19:49.896 [PLC] I am in PLC Inner! click Retry
2026-06-10 22:19:51.593 [PLC] I am in Tinh Toan!  click Retry
2026-06-10 22:21:57.521 [PLC] I am in PLC Wait Trigger! click Retry
2026-06-10 22:21:59.388 [PLC] I am in PLC Inner! click Retry
2026-06-10 22:22:01.499 [PLC] I am in Tinh Toan!  click Retry
