2026-06-07 15:11:49.187 [PLC] I am in PLC Wait Trigger!
2026-06-07 15:11:49.348 [PLC] I am in PLC Inner!
2026-06-07 15:19:49.257 [PLC] I am in PLC Wait Trigger!
2026-06-07 15:19:50.635 [PLC] I am in PLC Inner!
2026-06-07 15:22:44.117 [PLC] I am in PLC Wait Trigger!
2026-06-07 15:22:48.207 [PLC] I am in PLC Inner!
2026-06-07 15:24:17.737 [PLC] I am in PLC Wait Trigger!
2026-06-07 15:24:18.638 [PLC] I am in PLC Inner!
2026-06-07 15:24:19.561 [PLC] I am in PLC Wait Trigger!
2026-06-07 15:24:20.213 [PLC] I am in PLC Inner!
2026-06-07 15:24:21.199 [PLC] I am in PLC Wait Trigger!
2026-06-07 15:24:22.018 [PLC] I am in PLC Inner!
2026-06-07 15:24:22.717 [PLC] I am in PLC Wait Trigger!
2026-06-07 15:24:23.735 [PLC] I am in PLC Inner!
2026-06-07 15:24:24.347 [PLC] I am in PLC Wait Trigger!
2026-06-07 15:24:25.275 [PLC] I am in PLC Inner!
2026-06-07 15:24:26.982 [PLC] I am in PLC Wait Trigger!
2026-06-07 15:24:27.932 [PLC] I am in PLC Inner!
2026-06-07 15:24:29.266 [PLC] I am in PLC Wait Trigger!
2026-06-07 15:24:30.352 [PLC] I am in PLC Inner!
2026-06-07 15:24:31.380 [PLC] I am in PLC Wait Trigger!
2026-06-07 15:24:32.268 [PLC] I am in PLC Inner!
2026-06-07 15:24:33.209 [PLC] I am in PLC Wait Trigger!
2026-06-07 15:24:33.997 [PLC] I am in PLC Inner!
2026-06-07 15:24:34.909 [PLC] I am in PLC Wait Trigger!
2026-06-07 15:24:35.666 [PLC] I am in PLC Inner!
2026-06-07 15:24:47.789 [PLC] I am in PLC Wait Trigger!
2026-06-07 15:24:49.866 [PLC] I am in PLC Inner!
2026-06-07 15:24:52.913 [PLC] I am in PLC Wait Trigger!
2026-06-07 15:24:55.874 [PLC] I am in PLC Inner!
2026-06-07 15:24:59.075 [PLC] I am in PLC Wait Trigger!
2026-06-07 15:25:01.446 [PLC] I am in PLC Inner!
2026-06-07 15:25:04.086 [PLC] I am in PLC Wait Trigger!
2026-06-07 15:25:06.150 [PLC] I am in PLC Inner!
2026-06-07 15:25:08.631 [PLC] I am in PLC Wait Trigger!
2026-06-07 15:25:10.489 [PLC] I am in PLC Inner!
2026-06-07 15:25:13.136 [PLC] I am in PLC Wait Trigger!
2026-06-07 15:25:36.539 [PLC] I am in PLC Inner!
2026-06-07 15:25:40.079 [PLC] I am in PLC Wait Trigger!
2026-06-07 15:25:45.575 [PLC] I am in PLC Inner!
2026-06-07 15:25:48.639 [PLC] I am in PLC Wait Trigger!
2026-06-07 15:25:50.523 [PLC] I am in PLC Inner!
2026-06-07 15:25:53.105 [PLC] I am in PLC Wait Trigger!
2026-06-07 15:25:55.631 [PLC] I am in PLC Inner!
2026-06-07 15:25:59.117 [PLC] I am in PLC Wait Trigger!
2026-06-07 15:26:00.698 [PLC] I am in PLC Inner!
2026-06-07 15:26:03.656 [PLC] I am in PLC Wait Trigger!
2026-06-07 15:26:12.669 [PLC] I am in PLC Inner!
2026-06-07 15:38:18.302 [PLC] I am in PLC Wait Trigger!
2026-06-07 15:38:22.341 [PLC] I am in PLC Inner!
2026-06-07 15:38:44.305 [PLC] I am in PLC Wait Trigger!
2026-06-07 15:38:46.710 [PLC] I am in PLC Inner!
2026-06-07 15:38:49.946 [PLC] I am in PLC Wait Trigger!
2026-06-07 15:38:52.945 [PLC] I am in PLC Inner!
2026-06-07 15:38:55.492 [PLC] I am in PLC Wait Trigger!
2026-06-07 15:38:57.245 [PLC] I am in PLC Inner!
2026-06-07 15:39:00.092 [PLC] I am in PLC Wait Trigger!
2026-06-07 15:40:05.211 [PLC] I am in PLC Inner!
2026-06-07 15:40:08.503 [PLC] I am in PLC Wait Trigger!
2026-06-07 15:40:10.276 [PLC] I am in PLC Inner!
2026-06-07 15:40:13.375 [PLC] I am in PLC Wait Trigger!
2026-06-07 15:40:15.845 [PLC] I am in PLC Inner!
2026-06-07 15:40:57.385 [PLC] I am in PLC Wait Trigger!
2026-06-07 15:40:59.284 [PLC] I am in PLC Inner!
2026-06-07 15:41:00.295 [PLC] I am in Tinh Toan!
2026-06-07 15:41:10.108 [PLC] I am in PLC Wait Trigger!
2026-06-07 15:41:11.698 [PLC] I am in PLC Inner!
2026-06-07 15:41:12.717 [PLC] I am in Tinh Toan!
2026-06-07 15:41:14.496 [PLC] I am in PLC Wait Trigger!
2026-06-07 15:42:44.256 [PLC] I am in PLC Wait Trigger!
2026-06-07 15:42:46.589 [PLC] I am in PLC Inner!
2026-06-07 15:42:47.611 [PLC] I am in Tinh Toan!
2026-06-07 15:42:50.211 [PLC] I am in PLC Wait Trigger!
2026-06-07 15:43:02.494 [PLC] I am in PLC Inner!
2026-06-07 15:43:03.499 [PLC] I am in Tinh Toan!
2026-06-07 15:45:36.566 [PLC] I am in PLC Wait Trigger!
2026-06-07 15:45:39.571 [PLC] I am in PLC Inner!
2026-06-07 15:45:40.576 [PLC] I am in Tinh Toan!
2026-06-07 15:46:06.988 [PLC] I am in PLC Wait Trigger!
2026-06-07 15:47:32.522 [PLC] I am in PLC Wait Trigger!
2026-06-07 15:47:36.364 [PLC] I am in PLC Inner!
2026-06-07 15:47:37.382 [PLC] I am in Tinh Toan!
2026-06-07 15:47:39.999 [PLC] I am in PLC Wait Trigger!
2026-06-07 15:47:42.043 [PLC] I am in PLC Inner!
2026-06-07 15:47:43.064 [PLC] I am in Tinh Toan!
2026-06-07 15:47:44.938 [PLC] I am in PLC Wait Trigger!
2026-06-07 15:47:46.969 [PLC] I am in PLC Inner!
2026-06-07 15:47:47.988 [PLC] I am in Tinh Toan!
2026-06-07 15:47:52.730 [PLC] I am in PLC Wait Trigger!
2026-06-07 15:47:54.746 [PLC] I am in PLC Inner!
2026-06-07 15:47:55.766 [PLC] I am in Tinh Toan!
2026-06-07 15:47:58.238 [PLC] I am in PLC Wait Trigger!
2026-06-07 15:47:59.923 [PLC] I am in PLC Inner!
2026-06-07 15:48:00.936 [PLC] I am in Tinh Toan!
2026-06-07 15:48:05.182 [PLC] I am in PLC Wait Trigger!
2026-06-07 15:52:14.111 [PLC] I am in PLC Inner!
2026-06-07 15:52:15.139 [PLC] I am in Tinh Toan!
2026-06-07 15:52:18.383 [PLC] I am in PLC Wait Trigger!
2026-06-07 23:42:41.313 [PLC] I am in PLC Wait Trigger!
2026-06-07 23:42:43.812 [PLC] I am in PLC Inner!
2026-06-07 23:42:44.830 [PLC] I am in Tinh Toan!
2026-06-07 23:42:52.465 [PLC] I am in PLC Wait Trigger!
2026-06-07 23:43:07.485 [PLC] I am in PLC Inner!
2026-06-07 23:43:08.513 [PLC] I am in Tinh Toan!
2026-06-07 23:43:10.478 [PLC] I am in PLC Wait Trigger!
2026-06-07 23:43:15.323 [PLC] I am in PLC Inner!
2026-06-07 23:43:16.335 [PLC] I am in Tinh Toan!
2026-06-07 23:43:19.868 [PLC] I am in PLC Wait Trigger!
2026-06-07 23:43:21.726 [PLC] I am in PLC Inner!
2026-06-07 23:43:22.743 [PLC] I am in Tinh Toan!
2026-06-07 23:43:24.569 [PLC] I am in PLC Wait Trigger!
2026-06-07 23:43:27.913 [PLC] I am in PLC Inner!
2026-06-07 23:43:28.932 [PLC] I am in Tinh Toan!
2026-06-07 23:48:36.706 [PLC] I am in PLC Wait Trigger!
2026-06-07 23:48:39.147 [PLC] I am in PLC Inner!
2026-06-07 23:48:40.167 [PLC] I am in Tinh Toan!
2026-06-07 23:48:42.730 [PLC] I am in PLC Wait Trigger!
2026-06-07 23:48:45.064 [PLC] I am in PLC Inner!
2026-06-07 23:48:46.072 [PLC] I am in Tinh Toan!
2026-06-07 23:48:48.464 [PLC] I am in PLC Wait Trigger!
2026-06-07 23:48:50.846 [PLC] I am in PLC Inner!
2026-06-07 23:48:51.870 [PLC] I am in Tinh Toan!
2026-06-07 23:49:34.823 [PLC] I am in PLC Wait Trigger!click Retry
2026-06-07 23:49:38.783 [PLC] I am in PLC Inner!click OK
2026-06-07 23:49:39.790 [PLC] I am in Tinh Toan! click OK
2026-06-07 23:49:41.945 [PLC] I am in PLC Wait Trigger!click Cacel
2026-06-07 23:49:44.202 [PLC] I am in PLC Inner!click Cacel
2026-06-07 23:50:00.092 [PLC] I am in PLC Wait Trigger! click Retry
2026-06-07 23:50:02.098 [PLC] I am in PLC Inner! click OK
2026-06-07 23:50:03.103 [PLC] I am in Tinh Toan!  click OK
2026-06-07 23:50:05.484 [PLC] I am in PLC Wait Trigger! click Cacel
2026-06-07 23:50:07.409 [PLC] I am in PLC Inner! click Retry
2026-06-07 23:50:08.428 [PLC] I am in Tinh Toan!  click Retry
2026-06-07 23:50:11.367 [PLC] I am in PLC Wait Trigger! click OK
2026-06-07 23:50:14.613 [PLC] I am in PLC Inner! click Retry
2026-06-07 23:50:15.631 [PLC] I am in Tinh Toan!  click Retry
2026-06-07 23:50:18.113 [PLC] I am in PLC Wait Trigger! click OK
2026-06-07 23:50:20.677 [PLC] I am in PLC Inner! click Retry
2026-06-07 23:50:21.695 [PLC] I am in Tinh Toan!  click Retry
2026-06-07 23:50:24.027 [PLC] I am in PLC Wait Trigger! click OK
2026-06-07 23:50:26.182 [PLC] I am in PLC Inner! click Retry
2026-06-07 23:50:27.194 [PLC] I am in Tinh Toan!  click Retry
2026-06-07 23:50:32.140 [PLC] I am in PLC Wait Trigger! click Cacel
2026-06-07 23:50:34.441 [PLC] I am in PLC Inner! click Cacel
2026-06-07 23:50:35.463 [PLC] I am in Tinh Toan!  click Cacel
2026-06-07 23:52:23.115 [PLC] I am in PLC Wait Trigger! click OK
2026-06-07 23:52:25.341 [PLC] I am in PLC Inner! click Retry
2026-06-07 23:52:27.302 [PLC] I am in Tinh Toan!  click Cacel
2026-06-07 23:52:29.473 [PLC] I am in PLC Wait Trigger! click Retry
2026-06-07 23:52:31.309 [PLC] I am in PLC Inner! click OK
2026-06-07 23:52:33.031 [PLC] I am in Tinh Toan!  click Retry
2026-06-07 23:52:36.799 [PLC] I am in PLC Wait Trigger! click Cacel
2026-06-07 23:52:39.954 [PLC] I am in PLC Inner! click Retry
2026-06-07 23:52:46.382 [PLC] I am in Tinh Toan!  click Retry
2026-06-07 23:52:49.060 [PLC] I am in PLC Wait Trigger! click Retry
2026-06-07 23:54:15.762 [PLC] I am in PLC Inner! click OK
2026-06-07 23:54:17.861 [PLC] I am in Tinh Toan!  click Retry
2026-06-07 23:54:19.968 [PLC] I am in PLC Wait Trigger! click Retry
2026-06-07 23:54:21.988 [PLC] I am in PLC Inner! click OK
2026-06-07 23:54:23.650 [PLC] I am in Tinh Toan!  click Cacel
2026-06-07 23:54:25.412 [PLC] I am in PLC Wait Trigger! click Retry
2026-06-07 23:54:27.243 [PLC] I am in PLC Inner! click OK
2026-06-07 23:54:28.948 [PLC] I am in Tinh Toan!  click Retry
2026-06-07 23:54:30.896 [PLC] I am in PLC Wait Trigger! click Cacel
2026-06-07 23:54:32.523 [PLC] I am in PLC Inner! click Retry
2026-06-07 23:54:34.196 [PLC] I am in Tinh Toan!  click OK
2026-06-07 23:54:36.358 [PLC] I am in PLC Wait Trigger! click Retry
2026-06-07 23:54:38.094 [PLC] I am in PLC Inner! click Cacel
2026-06-07 23:54:40.128 [PLC] I am in Tinh Toan!  click Retry
2026-06-07 23:54:41.901 [PLC] I am in PLC Wait Trigger! click OK
2026-06-07 23:54:43.898 [PLC] I am in PLC Inner! click Retry
2026-06-07 23:54:58.091 [PLC] I am in Tinh Toan!  click Retry
2026-06-07 23:55:00.635 [PLC] I am in PLC Wait Trigger! click Retry
2026-06-07 23:57:38.091 [PLC] I am in PLC Inner! click OK
2026-06-07 23:57:40.250 [PLC] I am in Tinh Toan!  click Retry
2026-06-07 23:57:42.088 [PLC] I am in PLC Wait Trigger! click Cacel
2026-06-07 23:57:44.502 [PLC] I am in PLC Inner! click Cacel
2026-06-07 23:57:47.320 [PLC] I am in Tinh Toan!  click Cacel
