2026-05-09 14:17:33.284 [System] Logger Started
2026-05-09 14:17:34.365 [UI] Operator Click START
2026-05-09 14:17:37.552 [Alarm] Retry Click!
2026-05-09 14:17:39.349 [Alarm] Continue Click!
2026-05-09 14:17:40.349 [PLC] Waitting Sensor...
2026-05-09 14:17:40.689 [PLC] Operator Click RESET
2026-05-09 14:17:42.085 [Alarm] Continue Click!
2026-05-09 14:17:42.827 [PLC] Operator Click STOP
2026-05-09 14:17:43.086 [PLC] Waitting Sensor...
2026-05-09 14:17:43.635 [UI] Operator Click START
2026-05-09 14:17:44.755 [Alarm] Continue Click!
2026-05-09 14:17:45.458 [Alarm] Retry Click!
2026-05-09 14:17:45.757 [PLC] Waitting Sensor...
2026-05-09 14:17:46.090 [PLC] Operator Click STOP
2026-05-09 14:17:52.150 [Alarm] Continue Click!
2026-05-09 14:17:52.685 [UI] Operator Click START
2026-05-09 14:17:52.686 [PLC] Waitting Sensor...
2026-05-09 14:17:52.947 [UI] Operator Click START
2026-05-09 14:17:56.765 [Alarm] Timeout!
2026-05-09 14:17:58.060 [Alarm] Stop Click!
2026-05-09 14:17:58.686 [Alarm] Stop Click!
2026-05-09 14:17:59.473 [Alarm] Stop Click!
2026-05-09 14:21:47.129 [System] Logger Started
2026-05-09 14:21:47.891 [UI] Operator Click START
2026-05-09 14:21:49.621 [Alarm] Retry Click!
2026-05-09 14:21:52.493 [Alarm] Retry Click!
2026-05-09 14:21:52.921 [PLC] Operator Click STOP
2026-05-09 14:21:53.138 [PLC] Operator Click STOP
2026-05-09 14:21:53.331 [PLC] Operator Click STOP
2026-05-09 14:21:53.523 [PLC] Operator Click STOP
2026-05-09 14:21:53.899 [PLC] Operator Click STOP
2026-05-09 14:21:54.106 [PLC] Operator Click STOP
2026-05-09 14:21:54.553 [PLC] Operator Click STOP
2026-05-09 14:21:54.923 [UI] Operator Click START
2026-05-09 14:21:55.546 [Alarm] Retry Click!
2026-05-09 14:21:59.994 [Alarm] Retry Click!
2026-05-09 14:22:01.718 [Alarm] Retry Click!
2026-05-09 14:22:03.402 [Alarm] Retry Click!
2026-05-09 14:22:04.098 [PLC] Operator Click STOP
2026-05-09 14:22:05.266 [PLC] Operator Click RESET
2026-05-09 14:22:05.837 [PLC] Operator Click STOP
2026-05-09 14:22:06.434 [UI] Operator Click START
2026-05-09 14:22:08.246 [Alarm] Continue Click!
2026-05-09 14:22:09.247 [PLC] Waitting Sensor...
2026-05-09 14:22:10.948 [Alarm] Stop Click!
2026-05-09 14:22:14.730 [PLC] Operator Click STOP
2026-05-09 14:22:15.291 [PLC] Operator Click STOP
2026-05-09 14:22:15.778 [PLC] Operator Click RESET
2026-05-09 14:22:16.509 [UI] Operator Click START
2026-05-09 14:22:17.283 [Alarm] Retry Click!
2026-05-09 14:22:18.019 [PLC] Operator Click STOP
2026-05-09 14:22:19.545 [UI] Operator Click START
2026-05-09 14:22:20.315 [Alarm] Retry Click!
2026-05-09 14:22:20.692 [PLC] Operator Click STOP
2026-05-09 14:22:21.074 [PLC] Operator Click STOP
2026-05-09 14:22:21.522 [UI] Operator Click START
2026-05-09 14:22:22.129 [Alarm] Retry Click!
2026-05-09 14:22:23.875 [Alarm] Stop Click!
2026-05-09 14:22:27.194 [PLC] Operator Click STOP
2026-05-09 14:22:27.643 [UI] Operator Click START
2026-05-09 14:22:28.813 [Alarm] Retry Click!
2026-05-09 14:22:31.322 [Alarm] Retry Click!
2026-05-09 14:22:33.106 [Alarm] Continue Click!
2026-05-09 14:22:34.108 [PLC] Waitting Sensor...
2026-05-09 14:22:35.781 [Alarm] Continue Click!
2026-05-09 14:22:36.783 [PLC] Waitting Sensor...
2026-05-09 14:22:38.818 [Alarm] Retry Click!
2026-05-09 14:22:40.620 [Alarm] Retry Click!
2026-05-09 14:22:42.389 [Alarm] Retry Click!
2026-05-09 14:22:44.095 [Alarm] Retry Click!
2026-05-09 14:22:45.924 [Alarm] Continue Click!
2026-05-09 14:22:46.925 [PLC] Waitting Sensor...
2026-05-09 14:22:48.700 [Alarm] Continue Click!
2026-05-09 14:22:49.701 [PLC] Waitting Sensor...
2026-05-09 14:26:01.143 [System] Logger Started
2026-05-09 14:26:02.418 [UI] Operator Click START
2026-05-09 14:26:05.779 [Alarm] Continue Click!
2026-05-09 14:26:06.781 [PLC] Waitting Sensor...
2026-05-09 14:26:09.062 [Alarm] Retry Click!
2026-05-09 14:26:13.274 [Alarm] Continue Click!
2026-05-09 14:26:14.275 [PLC] Waitting Sensor...
2026-05-09 14:26:16.300 [Alarm] Continue Click!
2026-05-09 14:26:17.302 [PLC] Waitting Sensor...
2026-05-09 14:26:19.131 [Alarm] Continue Click!
2026-05-09 14:26:20.133 [PLC] Waitting Sensor...
2026-05-09 14:26:22.114 [Alarm] Continue Click!
2026-05-09 14:26:23.116 [PLC] Waitting Sensor...
2026-05-09 14:26:23.354 [PLC] Operator Click STOP
2026-05-09 14:26:30.084 [UI] Operator Click START
2026-05-09 14:26:31.461 [Alarm] Retry Click!
2026-05-09 14:26:33.932 [Alarm] Stop Click!
2026-05-09 14:26:39.394 [PLC] Operator Click RESET
2026-05-09 14:26:40.154 [PLC] Operator Click STOP
2026-05-09 14:26:40.747 [UI] Operator Click START
2026-05-09 14:26:41.644 [Alarm] Retry Click!
